{"duration_ms":0.0,"event":"command_start","invocation_id":"3220-1782459839897","meta":{"command":"check","json_output":true},"pid":3220,"status":"ok","timestamp_ms":1782459839897}
{"duration_ms":317.71680000000003,"event":"startup","invocation_id":"3220-1782459839897","meta":{"command":"check"},"pid":3220,"status":"ok","timestamp_ms":1782459839897}
{"duration_ms":0.0,"event":"discover_files_result","invocation_id":"3220-1782459839897","meta":{"count":0},"pid":3220,"status":"ok","timestamp_ms":1782459840097}
{"duration_ms":199.3191,"event":"discover_files","invocation_id":"3220-1782459839897","meta":{"globs":[]},"pid":3220,"status":"ok","timestamp_ms":1782459840097}
{"duration_ms":199.7523,"event":"command_finish","invocation_id":"3220-1782459839897","meta":{"command":"check","exit_code":2},"pid":3220,"status":"ok","timestamp_ms":1782459840097}
{"duration_ms":0.0,"event":"command_start","invocation_id":"25824-1782459842644","meta":{"command":"check","json_output":true},"pid":25824,"status":"ok","timestamp_ms":1782459842644}
{"duration_ms":319.21500000000003,"event":"startup","invocation_id":"25824-1782459842644","meta":{"command":"check"},"pid":25824,"status":"ok","timestamp_ms":1782459842645}
{"duration_ms":0.0,"event":"discover_files_result","invocation_id":"25824-1782459842644","meta":{"count":0},"pid":25824,"status":"ok","timestamp_ms":1782459842796}
{"duration_ms":151.7625,"event":"discover_files","invocation_id":"25824-1782459842644","meta":{"globs":[]},"pid":25824,"status":"ok","timestamp_ms":1782459842797}
{"duration_ms":151.9616,"event":"command_finish","invocation_id":"25824-1782459842644","meta":{"command":"check","exit_code":2},"pid":25824,"status":"ok","timestamp_ms":1782459842797}
{"duration_ms":0.0,"event":"command_start","invocation_id":"7640-1782460647873","meta":{"command":"check","json_output":true},"pid":7640,"status":"ok","timestamp_ms":1782460647873}
{"duration_ms":320.5543,"event":"startup","invocation_id":"7640-1782460647873","meta":{"command":"check"},"pid":7640,"status":"ok","timestamp_ms":1782460647873}
{"duration_ms":0.0,"event":"discover_files_result","invocation_id":"7640-1782460647873","meta":{"count":0},"pid":7640,"status":"ok","timestamp_ms":1782460648052}
{"duration_ms":178.8981,"event":"discover_files","invocation_id":"7640-1782460647873","meta":{"globs":[]},"pid":7640,"status":"ok","timestamp_ms":1782460648052}
{"duration_ms":179.09439999999998,"event":"command_finish","invocation_id":"7640-1782460647873","meta":{"command":"check","exit_code":2},"pid":7640,"status":"ok","timestamp_ms":1782460648052}
{"duration_ms":0.0,"event":"command_start","invocation_id":"34536-1782460923315","meta":{"command":"check","json_output":true},"pid":34536,"status":"ok","timestamp_ms":1782460923315}
{"duration_ms":352.83959999999996,"event":"startup","invocation_id":"34536-1782460923315","meta":{"command":"check"},"pid":34536,"status":"ok","timestamp_ms":1782460923316}
{"duration_ms":0.0,"event":"discover_files_result","invocation_id":"34536-1782460923315","meta":{"count":0},"pid":34536,"status":"ok","timestamp_ms":1782460923485}
{"duration_ms":169.9578,"event":"discover_files","invocation_id":"34536-1782460923315","meta":{"globs":[]},"pid":34536,"status":"ok","timestamp_ms":1782460923486}
{"duration_ms":170.1593,"event":"command_finish","invocation_id":"34536-1782460923315","meta":{"command":"check","exit_code":2},"pid":34536,"status":"ok","timestamp_ms":1782460923486}
{"duration_ms":0.0,"event":"command_start","invocation_id":"42916-1782460942758","meta":{"command":"check","json_output":true},"pid":42916,"status":"ok","timestamp_ms":1782460942758}
{"duration_ms":333.2385,"event":"startup","invocation_id":"42916-1782460942758","meta":{"command":"check"},"pid":42916,"status":"ok","timestamp_ms":1782460942758}
{"duration_ms":0.0,"event":"discover_files_result","invocation_id":"42916-1782460942758","meta":{"count":0},"pid":42916,"status":"ok","timestamp_ms":1782460942937}
{"duration_ms":179.4096,"event":"discover_files","invocation_id":"42916-1782460942758","meta":{"globs":[]},"pid":42916,"status":"ok","timestamp_ms":1782460942938}
{"duration_ms":179.6496,"event":"command_finish","invocation_id":"42916-1782460942758","meta":{"command":"check","exit_code":2},"pid":42916,"status":"ok","timestamp_ms":1782460942938}
{"duration_ms":0.0,"event":"command_start","invocation_id":"42748-1782461029778","meta":{"command":"check","json_output":true},"pid":42748,"status":"ok","timestamp_ms":1782461029778}
{"duration_ms":310.7084,"event":"startup","invocation_id":"42748-1782461029778","meta":{"command":"check"},"pid":42748,"status":"ok","timestamp_ms":1782461029778}
{"duration_ms":0.0,"event":"discover_files_result","invocation_id":"42748-1782461029778","meta":{"count":0},"pid":42748,"status":"ok","timestamp_ms":1782461029936}
{"duration_ms":157.8355,"event":"discover_files","invocation_id":"42748-1782461029778","meta":{"globs":[]},"pid":42748,"status":"ok","timestamp_ms":1782461029936}
{"duration_ms":158.0269,"event":"command_finish","invocation_id":"42748-1782461029778","meta":{"command":"check","exit_code":2},"pid":42748,"status":"ok","timestamp_ms":1782461029937}
{"duration_ms":0.0,"event":"command_start","invocation_id":"15140-1782461154615","meta":{"command":"check","json_output":true},"pid":15140,"status":"ok","timestamp_ms":1782461154615}
{"duration_ms":335.9237,"event":"startup","invocation_id":"15140-1782461154615","meta":{"command":"check"},"pid":15140,"status":"ok","timestamp_ms":1782461154615}
{"duration_ms":0.0,"event":"discover_files_result","invocation_id":"15140-1782461154615","meta":{"count":0},"pid":15140,"status":"ok","timestamp_ms":1782461154762}
{"duration_ms":147.0888,"event":"discover_files","invocation_id":"15140-1782461154615","meta":{"globs":[]},"pid":15140,"status":"ok","timestamp_ms":1782461154762}
{"duration_ms":147.2921,"event":"command_finish","invocation_id":"15140-1782461154615","meta":{"command":"check","exit_code":2},"pid":15140,"status":"ok","timestamp_ms":1782461154763}
{"duration_ms":0.0,"event":"command_start","invocation_id":"33428-1782461628204","meta":{"command":"check","json_output":true},"pid":33428,"status":"ok","timestamp_ms":1782461628204}
{"duration_ms":334.1078,"event":"startup","invocation_id":"33428-1782461628204","meta":{"command":"check"},"pid":33428,"status":"ok","timestamp_ms":1782461628205}
{"duration_ms":0.0,"event":"discover_files_result","invocation_id":"33428-1782461628204","meta":{"count":0},"pid":33428,"status":"ok","timestamp_ms":1782461628466}
{"duration_ms":261.1033,"event":"discover_files","invocation_id":"33428-1782461628204","meta":{"globs":[]},"pid":33428,"status":"ok","timestamp_ms":1782461628466}
{"duration_ms":261.3592,"event":"command_finish","invocation_id":"33428-1782461628204","meta":{"command":"check","exit_code":2},"pid":33428,"status":"ok","timestamp_ms":1782461628466}
{"duration_ms":0.0,"event":"command_start","invocation_id":"15076-1782481919422","meta":{"command":"check","json_output":true},"pid":15076,"status":"ok","timestamp_ms":1782481919422}
{"duration_ms":337.4411,"event":"startup","invocation_id":"15076-1782481919422","meta":{"command":"check"},"pid":15076,"status":"ok","timestamp_ms":1782481919423}
{"duration_ms":0.0,"event":"discover_files_result","invocation_id":"15076-1782481919422","meta":{"count":0},"pid":15076,"status":"ok","timestamp_ms":1782481919680}
{"duration_ms":257.7935,"event":"discover_files","invocation_id":"15076-1782481919422","meta":{"globs":[]},"pid":15076,"status":"ok","timestamp_ms":1782481919680}
{"duration_ms":258.0052,"event":"command_finish","invocation_id":"15076-1782481919422","meta":{"command":"check","exit_code":2},"pid":15076,"status":"ok","timestamp_ms":1782481919681}
{"duration_ms":0.0,"event":"command_start","invocation_id":"40016-1782482001610","meta":{"command":"check","json_output":true},"pid":40016,"status":"ok","timestamp_ms":1782482001610}
{"duration_ms":347.384,"event":"startup","invocation_id":"40016-1782482001610","meta":{"command":"check"},"pid":40016,"status":"ok","timestamp_ms":1782482001611}
{"duration_ms":0.0,"event":"discover_files_result","invocation_id":"40016-1782482001610","meta":{"count":0},"pid":40016,"status":"ok","timestamp_ms":1782482001745}
{"duration_ms":134.6428,"event":"discover_files","invocation_id":"40016-1782482001610","meta":{"globs":[]},"pid":40016,"status":"ok","timestamp_ms":1782482001746}
{"duration_ms":134.8352,"event":"command_finish","invocation_id":"40016-1782482001610","meta":{"command":"check","exit_code":2},"pid":40016,"status":"ok","timestamp_ms":1782482001746}
{"duration_ms":0.0,"event":"command_start","invocation_id":"29004-1782482242646","meta":{"command":"check","json_output":true},"pid":29004,"status":"ok","timestamp_ms":1782482242646}
{"duration_ms":372.56080000000003,"event":"startup","invocation_id":"29004-1782482242646","meta":{"command":"check"},"pid":29004,"status":"ok","timestamp_ms":1782482242646}
{"duration_ms":0.0,"event":"discover_files_result","invocation_id":"29004-1782482242646","meta":{"count":0},"pid":29004,"status":"ok","timestamp_ms":1782482242868}
{"duration_ms":221.9564,"event":"discover_files","invocation_id":"29004-1782482242646","meta":{"globs":[]},"pid":29004,"status":"ok","timestamp_ms":1782482242868}
{"duration_ms":222.1589,"event":"command_finish","invocation_id":"29004-1782482242646","meta":{"command":"check","exit_code":2},"pid":29004,"status":"ok","timestamp_ms":1782482242868}
{"duration_ms":0.0,"event":"command_start","invocation_id":"47704-1782482502604","meta":{"command":"check","json_output":true},"pid":47704,"status":"ok","timestamp_ms":1782482502604}
{"duration_ms":289.2152,"event":"startup","invocation_id":"47704-1782482502604","meta":{"command":"check"},"pid":47704,"status":"ok","timestamp_ms":1782482502605}
{"duration_ms":0.0,"event":"discover_files_result","invocation_id":"47704-1782482502604","meta":{"count":0},"pid":47704,"status":"ok","timestamp_ms":1782482502786}
{"duration_ms":180.8865,"event":"discover_files","invocation_id":"47704-1782482502604","meta":{"globs":[]},"pid":47704,"status":"ok","timestamp_ms":1782482502786}
{"duration_ms":181.0861,"event":"command_finish","invocation_id":"47704-1782482502604","meta":{"command":"check","exit_code":2},"pid":47704,"status":"ok","timestamp_ms":1782482502786}
{"duration_ms":0.0,"event":"command_start","invocation_id":"28860-1782484436509","meta":{"command":"check","json_output":true},"pid":28860,"status":"ok","timestamp_ms":1782484436509}
{"duration_ms":357.6958,"event":"startup","invocation_id":"28860-1782484436509","meta":{"command":"check"},"pid":28860,"status":"ok","timestamp_ms":1782484436509}
{"duration_ms":0.0,"event":"discover_files_result","invocation_id":"28860-1782484436509","meta":{"count":0},"pid":28860,"status":"ok","timestamp_ms":1782484436757}
{"duration_ms":248.1514,"event":"discover_files","invocation_id":"28860-1782484436509","meta":{"globs":[]},"pid":28860,"status":"ok","timestamp_ms":1782484436757}
{"duration_ms":248.3996,"event":"command_finish","invocation_id":"28860-1782484436509","meta":{"command":"check","exit_code":2},"pid":28860,"status":"ok","timestamp_ms":1782484436758}
{"duration_ms":0.0,"event":"command_start","invocation_id":"34248-1782660019045","meta":{"command":"check","json_output":true},"pid":34248,"status":"ok","timestamp_ms":1782660019045}
{"duration_ms":389.5972,"event":"startup","invocation_id":"34248-1782660019045","meta":{"command":"check"},"pid":34248,"status":"ok","timestamp_ms":1782660019046}
{"duration_ms":0.0,"event":"discover_files_result","invocation_id":"34248-1782660019045","meta":{"count":0},"pid":34248,"status":"ok","timestamp_ms":1782660019337}
{"duration_ms":290.7463,"event":"discover_files","invocation_id":"34248-1782660019045","meta":{"globs":[]},"pid":34248,"status":"ok","timestamp_ms":1782660019337}
{"duration_ms":290.9808,"event":"command_finish","invocation_id":"34248-1782660019045","meta":{"command":"check","exit_code":2},"pid":34248,"status":"ok","timestamp_ms":1782660019337}
{"duration_ms":0.0,"event":"command_start","invocation_id":"30372-1782660134857","meta":{"command":"check","json_output":true},"pid":30372,"status":"ok","timestamp_ms":1782660134857}
{"duration_ms":435.43870000000004,"event":"startup","invocation_id":"30372-1782660134857","meta":{"command":"check"},"pid":30372,"status":"ok","timestamp_ms":1782660134858}
{"duration_ms":0.0,"event":"discover_files_result","invocation_id":"30372-1782660134857","meta":{"count":0},"pid":30372,"status":"ok","timestamp_ms":1782660135069}
{"duration_ms":211.32059999999998,"event":"discover_files","invocation_id":"30372-1782660134857","meta":{"globs":[]},"pid":30372,"status":"ok","timestamp_ms":1782660135069}
{"duration_ms":211.55270000000002,"event":"command_finish","invocation_id":"30372-1782660134857","meta":{"command":"check","exit_code":2},"pid":30372,"status":"ok","timestamp_ms":1782660135069}
{"duration_ms":0.0,"event":"command_start","invocation_id":"8140-1782660216402","meta":{"command":"check","json_output":true},"pid":8140,"status":"ok","timestamp_ms":1782660216402}
{"duration_ms":391.7505,"event":"startup","invocation_id":"8140-1782660216402","meta":{"command":"check"},"pid":8140,"status":"ok","timestamp_ms":1782660216402}
{"duration_ms":0.0,"event":"discover_files_result","invocation_id":"8140-1782660216402","meta":{"count":0},"pid":8140,"status":"ok","timestamp_ms":1782660216572}
{"duration_ms":170.443,"event":"discover_files","invocation_id":"8140-1782660216402","meta":{"globs":[]},"pid":8140,"status":"ok","timestamp_ms":1782660216573}
{"duration_ms":170.6565,"event":"command_finish","invocation_id":"8140-1782660216402","meta":{"command":"check","exit_code":2},"pid":8140,"status":"ok","timestamp_ms":1782660216573}
{"duration_ms":0.0,"event":"command_start","invocation_id":"25096-1782660733378","meta":{"command":"check","json_output":true},"pid":25096,"status":"ok","timestamp_ms":1782660733378}
{"duration_ms":459.5396,"event":"startup","invocation_id":"25096-1782660733378","meta":{"command":"check"},"pid":25096,"status":"ok","timestamp_ms":1782660733379}
{"duration_ms":0.0,"event":"discover_files_result","invocation_id":"25096-1782660733378","meta":{"count":0},"pid":25096,"status":"ok","timestamp_ms":1782660733636}
{"duration_ms":256.99739999999997,"event":"discover_files","invocation_id":"25096-1782660733378","meta":{"globs":[]},"pid":25096,"status":"ok","timestamp_ms":1782660733636}
{"duration_ms":257.2477,"event":"command_finish","invocation_id":"25096-1782660733378","meta":{"command":"check","exit_code":2},"pid":25096,"status":"ok","timestamp_ms":1782660733636}
{"duration_ms":0.0,"event":"command_start","invocation_id":"26296-1782661006848","meta":{"command":"check","json_output":true},"pid":26296,"status":"ok","timestamp_ms":1782661006848}
{"duration_ms":348.08860000000004,"event":"startup","invocation_id":"26296-1782661006848","meta":{"command":"check"},"pid":26296,"status":"ok","timestamp_ms":1782661006848}
{"duration_ms":0.0,"event":"discover_files_result","invocation_id":"26296-1782661006848","meta":{"count":0},"pid":26296,"status":"ok","timestamp_ms":1782661007029}
{"duration_ms":180.92610000000002,"event":"discover_files","invocation_id":"26296-1782661006848","meta":{"globs":[]},"pid":26296,"status":"ok","timestamp_ms":1782661007030}
{"duration_ms":181.1694,"event":"command_finish","invocation_id":"26296-1782661006848","meta":{"command":"check","exit_code":2},"pid":26296,"status":"ok","timestamp_ms":1782661007030}
{"duration_ms":0.0,"event":"command_start","invocation_id":"31472-1782662066061","meta":{"command":"check","json_output":true},"pid":31472,"status":"ok","timestamp_ms":1782662066061}
{"duration_ms":310.8551,"event":"startup","invocation_id":"31472-1782662066061","meta":{"command":"check"},"pid":31472,"status":"ok","timestamp_ms":1782662066061}
{"duration_ms":0.0,"event":"discover_files_result","invocation_id":"31472-1782662066061","meta":{"count":0},"pid":31472,"status":"ok","timestamp_ms":1782662066301}
{"duration_ms":239.7412,"event":"discover_files","invocation_id":"31472-1782662066061","meta":{"globs":[]},"pid":31472,"status":"ok","timestamp_ms":1782662066301}
{"duration_ms":239.9695,"event":"command_finish","invocation_id":"31472-1782662066061","meta":{"command":"check","exit_code":2},"pid":31472,"status":"ok","timestamp_ms":1782662066302}
{"duration_ms":0.0,"event":"command_start","invocation_id":"34576-1782662068010","meta":{"command":"check","json_output":true},"pid":34576,"status":"ok","timestamp_ms":1782662068010}
{"duration_ms":408.5974,"event":"startup","invocation_id":"34576-1782662068010","meta":{"command":"check"},"pid":34576,"status":"ok","timestamp_ms":1782662068010}
{"duration_ms":0.0,"event":"discover_files_result","invocation_id":"34576-1782662068010","meta":{"count":0},"pid":34576,"status":"ok","timestamp_ms":1782662068205}
{"duration_ms":194.41469999999998,"event":"discover_files","invocation_id":"34576-1782662068010","meta":{"globs":[]},"pid":34576,"status":"ok","timestamp_ms":1782662068205}
{"duration_ms":194.7066,"event":"command_finish","invocation_id":"34576-1782662068010","meta":{"command":"check","exit_code":2},"pid":34576,"status":"ok","timestamp_ms":1782662068205}
{"duration_ms":0.0,"event":"command_start","invocation_id":"38288-1782662206892","meta":{"command":"check","json_output":true},"pid":38288,"status":"ok","timestamp_ms":1782662206892}
{"duration_ms":486.8249,"event":"startup","invocation_id":"38288-1782662206892","meta":{"command":"check"},"pid":38288,"status":"ok","timestamp_ms":1782662206892}
{"duration_ms":0.0,"event":"discover_files_result","invocation_id":"38288-1782662206892","meta":{"count":0},"pid":38288,"status":"ok","timestamp_ms":1782662207180}
{"duration_ms":288.1983,"event":"discover_files","invocation_id":"38288-1782662206892","meta":{"globs":[]},"pid":38288,"status":"ok","timestamp_ms":1782662207181}
{"duration_ms":288.6213,"event":"command_finish","invocation_id":"38288-1782662206892","meta":{"command":"check","exit_code":2},"pid":38288,"status":"ok","timestamp_ms":1782662207181}
{"duration_ms":0.0,"event":"command_start","invocation_id":"38300-1782662294739","meta":{"command":"check","json_output":true},"pid":38300,"status":"ok","timestamp_ms":1782662294739}
{"duration_ms":374.7661,"event":"startup","invocation_id":"38300-1782662294739","meta":{"command":"check"},"pid":38300,"status":"ok","timestamp_ms":1782662294740}
{"duration_ms":0.0,"event":"discover_files_result","invocation_id":"38300-1782662294739","meta":{"count":0},"pid":38300,"status":"ok","timestamp_ms":1782662294925}
{"duration_ms":184.6949,"event":"discover_files","invocation_id":"38300-1782662294739","meta":{"globs":[]},"pid":38300,"status":"ok","timestamp_ms":1782662294925}
{"duration_ms":184.9562,"event":"command_finish","invocation_id":"38300-1782662294739","meta":{"command":"check","exit_code":2},"pid":38300,"status":"ok","timestamp_ms":1782662294925}
{"duration_ms":0.0,"event":"command_start","invocation_id":"30036-1782662303916","meta":{"command":"check","json_output":true},"pid":30036,"status":"ok","timestamp_ms":1782662303916}
{"duration_ms":411.736,"event":"startup","invocation_id":"30036-1782662303916","meta":{"command":"check"},"pid":30036,"status":"ok","timestamp_ms":1782662303916}
{"duration_ms":0.0,"event":"discover_files_result","invocation_id":"30036-1782662303916","meta":{"count":0},"pid":30036,"status":"ok","timestamp_ms":1782662304107}
{"duration_ms":190.30710000000002,"event":"discover_files","invocation_id":"30036-1782662303916","meta":{"globs":[]},"pid":30036,"status":"ok","timestamp_ms":1782662304107}
{"duration_ms":190.6265,"event":"command_finish","invocation_id":"30036-1782662303916","meta":{"command":"check","exit_code":2},"pid":30036,"status":"ok","timestamp_ms":1782662304107}
{"duration_ms":0.0,"event":"command_start","invocation_id":"2760-1782663289524","meta":{"command":"check","json_output":true},"pid":2760,"status":"ok","timestamp_ms":1782663289524}
{"duration_ms":423.67490000000004,"event":"startup","invocation_id":"2760-1782663289524","meta":{"command":"check"},"pid":2760,"status":"ok","timestamp_ms":1782663289524}
{"duration_ms":0.0,"event":"discover_files_result","invocation_id":"2760-1782663289524","meta":{"count":0},"pid":2760,"status":"ok","timestamp_ms":1782663289752}
{"duration_ms":227.4275,"event":"discover_files","invocation_id":"2760-1782663289524","meta":{"globs":[]},"pid":2760,"status":"ok","timestamp_ms":1782663289752}
{"duration_ms":227.71640000000002,"event":"command_finish","invocation_id":"2760-1782663289524","meta":{"command":"check","exit_code":2},"pid":2760,"status":"ok","timestamp_ms":1782663289752}
{"duration_ms":0.0,"event":"command_start","invocation_id":"43280-1782721518666","meta":{"command":"check","json_output":true},"pid":43280,"status":"ok","timestamp_ms":1782721518666}
{"duration_ms":373.3883,"event":"startup","invocation_id":"43280-1782721518666","meta":{"command":"check"},"pid":43280,"status":"ok","timestamp_ms":1782721518666}
{"duration_ms":0.0,"event":"discover_files_result","invocation_id":"43280-1782721518666","meta":{"count":0},"pid":43280,"status":"ok","timestamp_ms":1782721518950}
{"duration_ms":283.35949999999997,"event":"discover_files","invocation_id":"43280-1782721518666","meta":{"globs":[]},"pid":43280,"status":"ok","timestamp_ms":1782721518950}
{"duration_ms":283.56170000000003,"event":"command_finish","invocation_id":"43280-1782721518666","meta":{"command":"check","exit_code":2},"pid":43280,"status":"ok","timestamp_ms":1782721518950}
{"duration_ms":0.0,"event":"command_start","invocation_id":"42672-1782721565679","meta":{"command":"check","json_output":true},"pid":42672,"status":"ok","timestamp_ms":1782721565679}
{"duration_ms":384.0788,"event":"startup","invocation_id":"42672-1782721565679","meta":{"command":"check"},"pid":42672,"status":"ok","timestamp_ms":1782721565679}
{"duration_ms":0.0,"event":"discover_files_result","invocation_id":"42672-1782721565679","meta":{"count":0},"pid":42672,"status":"ok","timestamp_ms":1782721565867}
{"duration_ms":187.5829,"event":"discover_files","invocation_id":"42672-1782721565679","meta":{"globs":[]},"pid":42672,"status":"ok","timestamp_ms":1782721565867}
{"duration_ms":187.7789,"event":"command_finish","invocation_id":"42672-1782721565679","meta":{"command":"check","exit_code":2},"pid":42672,"status":"ok","timestamp_ms":1782721565867}
{"duration_ms":0.0,"event":"command_start","invocation_id":"29884-1782721971039","meta":{"command":"check","json_output":true},"pid":29884,"status":"ok","timestamp_ms":1782721971039}
{"duration_ms":356.5186,"event":"startup","invocation_id":"29884-1782721971039","meta":{"command":"check"},"pid":29884,"status":"ok","timestamp_ms":1782721971039}
{"duration_ms":0.0,"event":"discover_files_result","invocation_id":"29884-1782721971039","meta":{"count":0},"pid":29884,"status":"ok","timestamp_ms":1782721971206}
{"duration_ms":166.3523,"event":"discover_files","invocation_id":"29884-1782721971039","meta":{"globs":[]},"pid":29884,"status":"ok","timestamp_ms":1782721971206}
{"duration_ms":166.5701,"event":"command_finish","invocation_id":"29884-1782721971039","meta":{"command":"check","exit_code":2},"pid":29884,"status":"ok","timestamp_ms":1782721971206}
{"duration_ms":0.0,"event":"command_start","invocation_id":"13668-1782722007031","meta":{"command":"check","json_output":true},"pid":13668,"status":"ok","timestamp_ms":1782722007031}
{"duration_ms":361.4884,"event":"startup","invocation_id":"13668-1782722007031","meta":{"command":"check"},"pid":13668,"status":"ok","timestamp_ms":1782722007031}
{"duration_ms":0.0,"event":"discover_files_result","invocation_id":"13668-1782722007031","meta":{"count":0},"pid":13668,"status":"ok","timestamp_ms":1782722007202}
{"duration_ms":170.64389999999997,"event":"discover_files","invocation_id":"13668-1782722007031","meta":{"globs":[]},"pid":13668,"status":"ok","timestamp_ms":1782722007202}
{"duration_ms":170.85520000000002,"event":"command_finish","invocation_id":"13668-1782722007031","meta":{"command":"check","exit_code":2},"pid":13668,"status":"ok","timestamp_ms":1782722007202}
{"duration_ms":0.0,"event":"command_start","invocation_id":"6292-1782722833856","meta":{"command":"check","json_output":true},"pid":6292,"status":"ok","timestamp_ms":1782722833856}
{"duration_ms":386.12829999999997,"event":"startup","invocation_id":"6292-1782722833856","meta":{"command":"check"},"pid":6292,"status":"ok","timestamp_ms":1782722833856}
{"duration_ms":0.0,"event":"discover_files_result","invocation_id":"6292-1782722833856","meta":{"count":0},"pid":6292,"status":"ok","timestamp_ms":1782722834032}
{"duration_ms":175.92340000000002,"event":"discover_files","invocation_id":"6292-1782722833856","meta":{"globs":[]},"pid":6292,"status":"ok","timestamp_ms":1782722834032}
{"duration_ms":176.1255,"event":"command_finish","invocation_id":"6292-1782722833856","meta":{"command":"check","exit_code":2},"pid":6292,"status":"ok","timestamp_ms":1782722834032}
{"duration_ms":0.0,"event":"command_start","invocation_id":"41192-1782722840493","meta":{"command":"check","json_output":true},"pid":41192,"status":"ok","timestamp_ms":1782722840493}
{"duration_ms":382.4572,"event":"startup","invocation_id":"41192-1782722840493","meta":{"command":"check"},"pid":41192,"status":"ok","timestamp_ms":1782722840493}
{"duration_ms":0.0,"event":"discover_files_result","invocation_id":"41192-1782722840493","meta":{"count":0},"pid":41192,"status":"ok","timestamp_ms":1782722840672}
{"duration_ms":178.91119999999998,"event":"discover_files","invocation_id":"41192-1782722840493","meta":{"globs":[]},"pid":41192,"status":"ok","timestamp_ms":1782722840672}
{"duration_ms":179.1065,"event":"command_finish","invocation_id":"41192-1782722840493","meta":{"command":"check","exit_code":2},"pid":41192,"status":"ok","timestamp_ms":1782722840672}
{"duration_ms":0.0,"event":"command_start","invocation_id":"12532-1782722848733","meta":{"command":"check","json_output":true},"pid":12532,"status":"ok","timestamp_ms":1782722848733}
{"duration_ms":399.1755,"event":"startup","invocation_id":"12532-1782722848733","meta":{"command":"check"},"pid":12532,"status":"ok","timestamp_ms":1782722848733}
{"duration_ms":0.0,"event":"discover_files_result","invocation_id":"12532-1782722848733","meta":{"count":0},"pid":12532,"status":"ok","timestamp_ms":1782722848928}
{"duration_ms":194.5091,"event":"discover_files","invocation_id":"12532-1782722848733","meta":{"globs":[]},"pid":12532,"status":"ok","timestamp_ms":1782722848928}
{"duration_ms":194.7016,"event":"command_finish","invocation_id":"12532-1782722848733","meta":{"command":"check","exit_code":2},"pid":12532,"status":"ok","timestamp_ms":1782722848928}
{"duration_ms":0.0,"event":"command_start","invocation_id":"5028-1782722851350","meta":{"command":"check","json_output":true},"pid":5028,"status":"ok","timestamp_ms":1782722851350}
{"duration_ms":367.006,"event":"startup","invocation_id":"5028-1782722851350","meta":{"command":"check"},"pid":5028,"status":"ok","timestamp_ms":1782722851350}
{"duration_ms":0.0,"event":"discover_files_result","invocation_id":"5028-1782722851350","meta":{"count":0},"pid":5028,"status":"ok","timestamp_ms":1782722851524}
{"duration_ms":173.64350000000002,"event":"discover_files","invocation_id":"5028-1782722851350","meta":{"globs":[]},"pid":5028,"status":"ok","timestamp_ms":1782722851524}
{"duration_ms":173.9473,"event":"command_finish","invocation_id":"5028-1782722851350","meta":{"command":"check","exit_code":2},"pid":5028,"status":"ok","timestamp_ms":1782722851525}
{"duration_ms":0.0,"event":"command_start","invocation_id":"39060-1782722906692","meta":{"command":"check","json_output":true},"pid":39060,"status":"ok","timestamp_ms":1782722906692}
{"duration_ms":365.83070000000004,"event":"startup","invocation_id":"39060-1782722906692","meta":{"command":"check"},"pid":39060,"status":"ok","timestamp_ms":1782722906692}
{"duration_ms":0.0,"event":"discover_files_result","invocation_id":"39060-1782722906692","meta":{"count":0},"pid":39060,"status":"ok","timestamp_ms":1782722906850}
{"duration_ms":157.35930000000002,"event":"discover_files","invocation_id":"39060-1782722906692","meta":{"globs":[]},"pid":39060,"status":"ok","timestamp_ms":1782722906850}
{"duration_ms":157.548,"event":"command_finish","invocation_id":"39060-1782722906692","meta":{"command":"check","exit_code":2},"pid":39060,"status":"ok","timestamp_ms":1782722906850}
{"duration_ms":0.0,"event":"command_start","invocation_id":"32200-1782722928137","meta":{"command":"check","json_output":true},"pid":32200,"status":"ok","timestamp_ms":1782722928137}
{"duration_ms":384.63100000000003,"event":"startup","invocation_id":"32200-1782722928137","meta":{"command":"check"},"pid":32200,"status":"ok","timestamp_ms":1782722928137}
{"duration_ms":0.0,"event":"discover_files_result","invocation_id":"32200-1782722928137","meta":{"count":0},"pid":32200,"status":"ok","timestamp_ms":1782722928305}
{"duration_ms":168.0324,"event":"discover_files","invocation_id":"32200-1782722928137","meta":{"globs":[]},"pid":32200,"status":"ok","timestamp_ms":1782722928305}
{"duration_ms":168.2185,"event":"command_finish","invocation_id":"32200-1782722928137","meta":{"command":"check","exit_code":2},"pid":32200,"status":"ok","timestamp_ms":1782722928305}
{"duration_ms":0.0,"event":"command_start","invocation_id":"40608-1782722964345","meta":{"command":"check","json_output":true},"pid":40608,"status":"ok","timestamp_ms":1782722964345}
{"duration_ms":359.3259,"event":"startup","invocation_id":"40608-1782722964345","meta":{"command":"check"},"pid":40608,"status":"ok","timestamp_ms":1782722964345}
{"duration_ms":0.0,"event":"discover_files_result","invocation_id":"40608-1782722964345","meta":{"count":0},"pid":40608,"status":"ok","timestamp_ms":1782722964491}
{"duration_ms":145.5556,"event":"discover_files","invocation_id":"40608-1782722964345","meta":{"globs":[]},"pid":40608,"status":"ok","timestamp_ms":1782722964491}
{"duration_ms":145.762,"event":"command_finish","invocation_id":"40608-1782722964345","meta":{"command":"check","exit_code":2},"pid":40608,"status":"ok","timestamp_ms":1782722964491}
{"duration_ms":0.0,"event":"command_start","invocation_id":"38352-1782723739634","meta":{"command":"check","json_output":true},"pid":38352,"status":"ok","timestamp_ms":1782723739634}
{"duration_ms":409.7402,"event":"startup","invocation_id":"38352-1782723739634","meta":{"command":"check"},"pid":38352,"status":"ok","timestamp_ms":1782723739635}
{"duration_ms":0.0,"event":"discover_files_result","invocation_id":"38352-1782723739634","meta":{"count":0},"pid":38352,"status":"ok","timestamp_ms":1782723739860}
{"duration_ms":225.2381,"event":"discover_files","invocation_id":"38352-1782723739634","meta":{"globs":[]},"pid":38352,"status":"ok","timestamp_ms":1782723739860}
{"duration_ms":225.4515,"event":"command_finish","invocation_id":"38352-1782723739634","meta":{"command":"check","exit_code":2},"pid":38352,"status":"ok","timestamp_ms":1782723739860}
{"duration_ms":0.0,"event":"command_start","invocation_id":"39040-1782724182056","meta":{"command":"check","json_output":true},"pid":39040,"status":"ok","timestamp_ms":1782724182056}
{"duration_ms":407.04240000000004,"event":"startup","invocation_id":"39040-1782724182056","meta":{"command":"check"},"pid":39040,"status":"ok","timestamp_ms":1782724182056}
{"duration_ms":0.0,"event":"discover_files_result","invocation_id":"39040-1782724182056","meta":{"count":0},"pid":39040,"status":"ok","timestamp_ms":1782724182313}
{"duration_ms":256.7471,"event":"discover_files","invocation_id":"39040-1782724182056","meta":{"globs":[]},"pid":39040,"status":"ok","timestamp_ms":1782724182313}
{"duration_ms":256.9524,"event":"command_finish","invocation_id":"39040-1782724182056","meta":{"command":"check","exit_code":2},"pid":39040,"status":"ok","timestamp_ms":1782724182313}
{"duration_ms":0.0,"event":"command_start","invocation_id":"43444-1782724183953","meta":{"command":"check","json_output":true},"pid":43444,"status":"ok","timestamp_ms":1782724183953}
{"duration_ms":418.254,"event":"startup","invocation_id":"43444-1782724183953","meta":{"command":"check"},"pid":43444,"status":"ok","timestamp_ms":1782724183953}
{"duration_ms":0.0,"event":"discover_files_result","invocation_id":"43444-1782724183953","meta":{"count":0},"pid":43444,"status":"ok","timestamp_ms":1782724184139}
{"duration_ms":186.398,"event":"discover_files","invocation_id":"43444-1782724183953","meta":{"globs":[]},"pid":43444,"status":"ok","timestamp_ms":1782724184140}
{"duration_ms":186.61430000000001,"event":"command_finish","invocation_id":"43444-1782724183953","meta":{"command":"check","exit_code":2},"pid":43444,"status":"ok","timestamp_ms":1782724184140}
{"duration_ms":0.0,"event":"command_start","invocation_id":"45380-1782725279005","meta":{"command":"check","json_output":true},"pid":45380,"status":"ok","timestamp_ms":1782725279005}
{"duration_ms":349.5106,"event":"startup","invocation_id":"45380-1782725279005","meta":{"command":"check"},"pid":45380,"status":"ok","timestamp_ms":1782725279006}
{"duration_ms":0.0,"event":"discover_files_result","invocation_id":"45380-1782725279005","meta":{"count":0},"pid":45380,"status":"ok","timestamp_ms":1782725279248}
{"duration_ms":242.7522,"event":"discover_files","invocation_id":"45380-1782725279005","meta":{"globs":[]},"pid":45380,"status":"ok","timestamp_ms":1782725279249}
{"duration_ms":243.1394,"event":"command_finish","invocation_id":"45380-1782725279005","meta":{"command":"check","exit_code":2},"pid":45380,"status":"ok","timestamp_ms":1782725279249}
